

*******************************************************************************
Fri Jul 27 01:09:10 2018


FIT:    data read from "ausgabe2-log.dat"
        format = z
        #datapoints = 100
        residuals are weighted equally (unit weight)

function used for fitting: f(x)
	f(x)=a*x+b
fitted parameters initialized with current variable values

iter      chisq       delta/lim  lambda   a             b            
   0 1.2024904891e+03   0.00e+00  8.71e-01    1.000000e+00   1.000000e+00
   3 1.8040685873e+00  -3.54e-04  8.71e-04    2.652394e+00  -2.798488e+00

After 3 iterations the fit converged.
final sum of squares of residuals : 1.80407
rel. change during last iteration : -3.54023e-09

degrees of freedom    (FIT_NDF)                        : 98
rms of residuals      (FIT_STDFIT) = sqrt(WSSR/ndf)    : 0.135679
variance of residuals (reduced chisquare) = WSSR/ndf   : 0.0184089

Final set of parameters            Asymptotic Standard Error
=======================            ==========================
a               = 2.65239          +/- 0.02083      (0.7854%)
b               = -2.79849         +/- 0.01499      (0.5355%)

correlation matrix of the fit parameters:
                a      b      
a               1.000 
b              -0.425  1.000 


*******************************************************************************
Fri Jul 27 15:12:21 2018


FIT:    data read from "ausgabe2-log.dat"
        format = z
        #datapoints = 100
        residuals are weighted equally (unit weight)

function used for fitting: f(x)
	f(x)=a*x+b
fitted parameters initialized with current variable values

iter      chisq       delta/lim  lambda   a             b            
   0 1.5208783757e+03   0.00e+00  8.50e-01    1.000000e+00   1.000000e+00
   3 1.8401131688e+01  -1.44e-03  8.50e-04    4.393058e+00  -4.314438e+00

After 3 iterations the fit converged.
final sum of squares of residuals : 18.4011
rel. change during last iteration : -1.4384e-08

degrees of freedom    (FIT_NDF)                        : 98
rms of residuals      (FIT_STDFIT) = sqrt(WSSR/ndf)    : 0.43332
variance of residuals (reduced chisquare) = WSSR/ndf   : 0.187767

Final set of parameters            Asymptotic Standard Error
=======================            ==========================
a               = 4.39306          +/- 0.1001       (2.28%)
b               = -4.31444         +/- 0.0669       (1.551%)

correlation matrix of the fit parameters:
                a      b      
a               1.000 
b              -0.762  1.000 
